<?xml version="1.0" encoding="UTF-8"?>
<testng-results skipped="0" failed="0" ignored="0" total="0" passed="0">
  <reporter-output>
  </reporter-output>
  <suite name="Surefire suite" duration-ms="8015" started-at="2020-01-25T14:08:14 AEDT" finished-at="2020-01-25T14:08:22 AEDT">
    <groups>
    </groups>
    <test name="Surefire test" duration-ms="8015" started-at="2020-01-25T14:08:14 AEDT" finished-at="2020-01-25T14:08:22 AEDT">
    </test> <!-- Surefire test -->
  </suite> <!-- Surefire suite -->
</testng-results>
